<?xml version="1.0" encoding="UTF-8"?>
<!-- Generated by org.testng.reporters.JUnitXMLReporter -->
<testsuite hostname="vicky-PC" ignored="0" name="FreeCRMTest" tests="16" failures="1" timestamp="2020-03-20T12:05:31 IST" time="316.314" errors="0">
  <testcase name="validateTheTittleTest" time="0.029" classname="com.crm.qa.testcases.LoginPageTest"/>
  <testcase name="validateTheURLTest" time="0.016" classname="com.crm.qa.testcases.LoginPageTest"/>
  <testcase name="loginTest" time="0.981" classname="com.crm.qa.testcases.LoginPageTest"/>
  <testcase name="verifyHomePgeTittleTest" time="0.009" classname="com.crm.qa.testcases.HomePageTest"/>
  <testcase name="verifyUserNameTest" time="1.61" classname="com.crm.qa.testcases.HomePageTest"/>
  <testcase name="verifyContactLinkTest" time="2.524" classname="com.crm.qa.testcases.HomePageTest"/>
  <testcase name="verifyContactPageLabelTest" time="0.179" classname="com.crm.qa.testcases.ContactPageTest"/>
  <testcase name="addNewContactTest" time="9.253" classname="com.crm.qa.testcases.ContactPageTest"/>
  <testcase name="addNewContactTest" time="8.136" classname="com.crm.qa.testcases.ContactPageTest"/>
  <testcase name="addNewContactTest" time="9.423" classname="com.crm.qa.testcases.ContactPageTest">
    <failure type="org.openqa.selenium.ElementClickInterceptedException" message="element click intercepted: Element &amp;lt;span class=&amp;quot;item-text&amp;quot;&amp;gt;...&amp;lt;/span&amp;gt; is not clickable at point (83, 158). Other element would receive the click: &amp;lt;div class=&amp;quot;ui page modals dimmer transition visible active&amp;quot; style=&amp;quot;display: flex !important;&amp;quot;&amp;gt;...&amp;lt;/div&amp;gt;
  (Session info: chrome=80.0.3987.132)
Build info: version: &amp;apos;4.0.0-alpha-4&amp;apos;, revision: &amp;apos;c2d955b49e&amp;apos;
System info: host: &amp;apos;VICKY-PC&amp;apos;, ip: &amp;apos;192.168.43.139&amp;apos;, os.name: &amp;apos;Windows 7&amp;apos;, os.arch: &amp;apos;x86&amp;apos;, os.version: &amp;apos;6.1&amp;apos;, java.version: &amp;apos;1.8.0_241&amp;apos;
Driver info: org.openqa.selenium.chrome.ChromeDriver
Capabilities {acceptInsecureCerts: false, browserName: chrome, browserVersion: 80.0.3987.132, chrome: {chromedriverVersion: 80.0.3987.106 (f68069574609..., userDataDir: C:\Users\vicky\AppData\Loca...}, goog:chromeOptions: {debuggerAddress: localhost:56522}, javascriptEnabled: true, networkConnectionEnabled: false, pageLoadStrategy: normal, platform: WINDOWS, platformName: WINDOWS, proxy: Proxy(), setWindowRect: true, strictFileInteractability: false, timeouts: {implicit: 0, pageLoad: 300000, script: 30000}, unhandledPromptBehavior: dismiss and notify}
Session ID: 62ffbdaf7148c088d2b0d91118e0165a">
      <![CDATA[org.openqa.selenium.ElementClickInterceptedException: element click intercepted: Element <span class="item-text">...</span> is not clickable at point (83, 158). Other element would receive the click: <div class="ui page modals dimmer transition visible active" style="display: flex !important;">...</div>
  (Session info: chrome=80.0.3987.132)
Build info: version: '4.0.0-alpha-4', revision: 'c2d955b49e'
System info: host: 'VICKY-PC', ip: '192.168.43.139', os.name: 'Windows 7', os.arch: 'x86', os.version: '6.1', java.version: '1.8.0_241'
Driver info: org.openqa.selenium.chrome.ChromeDriver
Capabilities {acceptInsecureCerts: false, browserName: chrome, browserVersion: 80.0.3987.132, chrome: {chromedriverVersion: 80.0.3987.106 (f68069574609..., userDataDir: C:\Users\vicky\AppData\Loca...}, goog:chromeOptions: {debuggerAddress: localhost:56522}, javascriptEnabled: true, networkConnectionEnabled: false, pageLoadStrategy: normal, platform: WINDOWS, platformName: WINDOWS, proxy: Proxy(), setWindowRect: true, strictFileInteractability: false, timeouts: {implicit: 0, pageLoad: 300000, script: 30000}, unhandledPromptBehavior: dismiss and notify}
Session ID: 62ffbdaf7148c088d2b0d91118e0165a
at org.openqa.selenium.remote.codec.w3c.W3CHttpResponseCodec.createException(W3CHttpResponseCodec.java:196)
at org.openqa.selenium.remote.codec.w3c.W3CHttpResponseCodec.decode(W3CHttpResponseCodec.java:129)
at org.openqa.selenium.remote.codec.w3c.W3CHttpResponseCodec.decode(W3CHttpResponseCodec.java:53)
at org.openqa.selenium.remote.HttpCommandExecutor.execute(HttpCommandExecutor.java:161)
at org.openqa.selenium.remote.service.DriverCommandExecutor.execute(DriverCommandExecutor.java:83)
at org.openqa.selenium.remote.RemoteWebDriver.execute(RemoteWebDriver.java:582)
at org.openqa.selenium.remote.RemoteWebElement.execute(RemoteWebElement.java:316)
at org.openqa.selenium.remote.RemoteWebElement.click(RemoteWebElement.java:85)
at org.openqa.selenium.support.events.EventFiringWebDriver$EventFiringWebElement.lambda$new$0(EventFiringWebDriver.java:405)
at com.sun.proxy.$Proxy17.click(Unknown Source)
at org.openqa.selenium.support.events.EventFiringWebDriver$EventFiringWebElement.click(EventFiringWebDriver.java:418)
at org.openqa.selenium.support.pagefactory.internal.LocatingElementHandler.invoke(LocatingElementHandler.java:52)
at com.sun.proxy.$Proxy16.click(Unknown Source)
at com.crm.qa.pages.HomePage.clickOnContactLink(HomePage.java:37)
at com.crm.qa.testcases.ContactPageTest.addNewContactTest(ContactPageTest.java:58)
at java.util.ArrayList.forEach(Unknown Source)
... Removed 37 stack frames]]>
    </failure>
  </testcase> <!-- addNewContactTest -->
  <testcase name="verifyContactPageLabelTest" time="0.068" classname="com.crm.qa.testcases.CompaniesPageTest"/>
  <testcase name="addNewCompanyTest" time="7.395" classname="com.crm.qa.testcases.CompaniesPageTest"/>
  <testcase name="addNewCompanyTest" time="7.572" classname="com.crm.qa.testcases.CompaniesPageTest"/>
  <testcase name="verifyDealsPageLabelTest" time="0.206" classname="com.crm.qa.testcases.DealsPageTest"/>
  <testcase name="addnewtaskTest" time="6.567" classname="com.crm.qa.testcases.TaskPageTest"/>
  <testcase name="addnewtaskTest" time="6.994" classname="com.crm.qa.testcases.TaskPageTest"/>
</testsuite> <!-- FreeCRMTest -->
